Arguments: 
  D:\programas\nodejs\node.exe C:\Users\Matador\AppData\Roaming\npm\node_modules\yarn\bin\yarn.js install

PATH: 
  C:\Program Files\Common Files\Oracle\Java\javapath;C:\ProgramData\Oracle\Java\javapath;C:\Program Files (x86)\NVIDIA Corporation\PhysX\Common;C:\Program Files\Microsoft MPI\Bin\;C:\Program Files (x86)\Common Files\Oracle\Java\javapath;C:\WINDOWS\system32;C:\WINDOWS;C:\WINDOWS\System32\Wbem;C:\WINDOWS\System32\WindowsPowerShell\v1.0\;C:\WINDOWS\System32\OpenSSH\;C:\Program Files\Microsoft SQL Server\Client SDK\ODBC\170\Tools\Binn\;C:\Program Files (x86)\Microsoft SQL Server\150\Tools\Binn\;C:\Program Files\Microsoft SQL Server\150\Tools\Binn\;C:\Program Files\Microsoft SQL Server\150\DTS\Binn\;D:\programas\ni instruments\Shared\LabVIEW CLI;C:\Program Files (x86)\IVI Foundation\VISA\WinNT\Bin\;C:\Program Files\IVI Foundation\VISA\Win64\Bin\;C:\Program Files (x86)\IVI Foundation\VISA\WinNT\Bin;D:\programas\MATLAB 2020\runtime\win64;D:\programas\MATLAB 2020\bin;C:\Users\Matador\AppData\Local\Programs\Python\Python38-32;C:\Program Files (x86)\Windows Kits\8.1\Windows Performance Toolkit\;C:\Program Files\dotnet\;D:\programas\putty\;D:\programas\nodejs\;D:\programas\go\bin;C:\WINDOWS\system32;C:\WINDOWS;C:\WINDOWS\System32\Wbem;C:\WINDOWS\System32\WindowsPowerShell\v1.0\;C:\WINDOWS\System32\OpenSSH\;D:\programas\Git\cmd;C:\Program Files\MySQL\MySQL Server 8.0\bin;C:\xampp\php;C:\ProgramData\ComposerSetup\bin;C:\Program Files\apache-maven-3.6.3\bin;D:\programas\ngrok;C:\Program Files (x86)\Wildfoundry\Dataplicity Porthole\;C:\Program Files\Docker\Docker\resources\bin;C:\Program Files\MySQL\MySQL Shell 8.0\bin\;C:\Program Files\MySQL\MySQL Server 8.0\bin;D:\programas\go\bin;C:\Users\Matador\AppData\Local\Programs\Python\Python38\Scripts\;C:\Users\Matador\AppData\Local\Programs\Python\Python38\;C:\Users\Matador\AppData\Local\Programs\Python\Python37-32\Scripts\;C:\Users\Matador\AppData\Local\Programs\Python\Python37-32\;D:\programas\edm\;C:\Users\Matador\AppData\Local\Microsoft\WindowsApps;C:\Users\Matador\AppData\Local\GitHubDesktop\bin;D:\programas\heroku\bin;D:\programas\pycharm\PyCharm Community Edition 2020.2.2\bin;;D:\programas\visual\Microsoft VS Code\bin;D:\vision\semana 3\tensorflow1\protoc\bin;C:\Users\Matador\AppData\Roaming\npm;C:\Users\Matador\go\bin;C:\Users\Matador\AppData\Local\Microsoft\WindowsApps;C:\Users\Matador\AppData\Roaming\Composer\vendor\bin;C:\Program Files\JetBrains\IntelliJ IDEA 2021.3.1\bin;;C:\Program Files\JetBrains\GoLand 2021.3.2\bin;;D:\programas\ngrok;

Yarn version: 
  1.22.19

Node version: 
  16.13.0

Platform: 
  win32 x64

Trace: 
  Error: EPERM: operation not permitted, copyfile 'C:\Users\Matador\AppData\Local\Yarn\Cache\v6\npm-@babel-runtime-7.20.13-7055ab8a7cff2b8f6058bf6ae45ff84ad2aded4b-integrity\node_modules\@babel\runtime\helpers\esm\package.json' -> 'D:\vhmIngenieria\ambulanciasFront\FrontendSmartBeCity\node_modules\@babel\runtime\helpers\esm\package.json'

npm manifest: 
  {
    "name": "argon-dashboard-react",
    "version": "1.2.2",
    "description": "React version of Argon Dashboard by Creative Tim",
    "main": "index.js",
    "repository": {
      "type": "git",
      "url": "git+https://github.com/creativetimofficial/argon-dashboard-react.git"
    },
    "keywords": [
      "react",
      "reactjs",
      "argon",
      "argon-react",
      "dashboard",
      "dashboard-react",
      "argon-dashboard",
      "argon-dashboard-react"
    ],
    "author": "Creative Tim",
    "license": "MIT",
    "bugs": {
      "url": "https://github.com/creativetimofficial/argon-dashboard-react/issues"
    },
    "homepage": "https://demos.creative-tim.com/argon-dashboard-react/",
    "scripts": {
      "start": "react-scripts start",
      "build": "react-scripts build",
      "test": "react-scripts test",
      "eject": "react-scripts eject",
      "install:clean": "rm -rf node_modules/ && rm -rf package-lock.json && npm install && npm start",
      "compile:scss": "sass src/assets/scss/argon-dashboard-react.scss src/assets/css/argon-dashboard-react.css",
      "minify:scss": "sass src/assets/scss/argon-dashboard-react.scss src/assets/css/argon-dashboard-react.min.css --style compressed",
      "build:scss": "npm run compile:scss && npm run minify:scss && npm run map:scss"
    },
    "eslintConfig": {
      "extends": "react-app"
    },
    "browserslist": [
      ">0.2%",
      "not dead",
      "not ie <= 11",
      "not op_mini all"
    ],
    "dependencies": {
      "@fortawesome/fontawesome-free": "5.15.3",
      "axios": "^1.2.3",
      "bootstrap": "4.6.0",
      "chart.js": "2.9.4",
      "classnames": "2.3.1",
      "moment": "2.29.4",
      "nouislider": "15.2.0",
      "react": "18.2.0",
      "react-chartjs-2": "2.11.1",
      "react-copy-to-clipboard": "5.1.0",
      "react-datetime": "3.1.1",
      "react-dom": "18.2.0",
      "react-router-dom": "5.2.0",
      "react-scripts": "5.0.1",
      "reactstrap": "8.9.0",
      "sass": "1.54.5"
    },
    "devDependencies": {
      "gulp": "4.0.2",
      "gulp-append-prepend": "1.0.9"
    },
    "peerDependencies": {
      "react": ">=16.0.0",
      "react-dom": ">=16.0.0"
    },
    "optionalDependencies": {
      "eslint-plugin-flowtype": "8.0.3",
      "jquery": "3.6.0",
      "typescript": "4.8.2"
    }
  }

yarn manifest: 
  No manifest

Lockfile: 
  No lockfile
